<?xml version="1.0" encoding="UTF-8"?>
<testng-results skipped="0" failed="1" ignored="0" total="1" passed="0">
  <reporter-output>
    <line>
      <![CDATA[Starts Test Execution...Chrome]]>
    </line>
    <line>
      <![CDATA[Starts test...testSearchItem]]>
    </line>
    <line>
      <![CDATA[<a href='C:\automationpractice\src\test\java\reports\screenshots\failure_screenshots\testSearchItem_27_11_2021_07_11_10.png'> <img src='C:\automationpractice\src\test\java\reports\screenshots\failure_screenshots\testSearchItem_27_11_2021_07_11_10.png' height='100' width='100'/> </a>]]>
    </line>
  </reporter-output>
  <suite name="Automation Practice Test Suite" duration-ms="31628" started-at="2021-11-27T07:10:40 COT" finished-at="2021-11-27T07:11:11 COT">
    <groups>
    </groups>
    <test name="Chrome" duration-ms="31628" started-at="2021-11-27T07:10:40 COT" finished-at="2021-11-27T07:11:11 COT">
      <class name="com.automation.web.tests.TestSuite">
        <test-method status="PASS" signature="beforeTest(java.lang.String,java.lang.String)[pri:0, instance:com.automation.web.tests.TestSuite@17d677df]" name="beforeTest" is-config="true" duration-ms="18053" started-at="2021-11-27T07:10:40 COT" finished-at="2021-11-27T07:10:58 COT">
          <params>
            <param index="0">
              <value>
                <![CDATA[chrome]]>
              </value>
            </param>
            <param index="1">
              <value>
                <![CDATA[http://automationpractice.com/index.php]]>
              </value>
            </param>
          </params>
          <reporter-output>
          </reporter-output>
        </test-method> <!-- beforeTest -->
        <test-method status="FAIL" signature="testSearchItem(com.automation.web.dataProvider.UserData)[pri:0, instance:com.automation.web.tests.TestSuite@17d677df]" name="testSearchItem" duration-ms="11811" started-at="2021-11-27T07:10:58 COT" description="Suite Test" data-provider="UserData" finished-at="2021-11-27T07:11:10 COT">
          <params>
            <param index="0">
              <value>
                <![CDATA[com.automation.web.dataProvider.UserData@6475472c]]>
              </value>
            </param>
          </params>
          <exception class="org.openqa.selenium.NoSuchElementException">
            <message>
              <![CDATA[no such element: Unable to locate element: {"method":"css selector","selector":"div.form-group input#email_create"}
  (Session info: chrome=96.0.4664.45)
For documentation on this error, please visit: https://selenium.dev/exceptions/#no_such_element
Build info: version: '4.0.0', revision: '3a21814679'
System info: host: 'CO-IT02301', ip: '169.254.51.251', os.name: 'Windows 10', os.arch: 'amd64', os.version: '10.0', java.version: '1.8.0_302'
Driver info: org.openqa.selenium.chrome.ChromeDriver
Command: [5235b0bdae1d05b35bface9346c7b9f8, findElement {using=css selector, value=div.form-group input#email_create}]
Capabilities {acceptInsecureCerts: false, browserName: chrome, browserVersion: 96.0.4664.45, chrome: {chromedriverVersion: 95.0.4638.17 (a9d0719444d4b..., userDataDir: C:\Users\NATALI~1.MAT\AppDa...}, goog:chromeOptions: {debuggerAddress: localhost:59964}, javascriptEnabled: true, networkConnectionEnabled: false, pageLoadStrategy: normal, platform: WINDOWS, platformName: WINDOWS, proxy: Proxy(), se:cdp: ws://localhost:59964/devtoo..., se:cdpVersion: 96.0.4664.45, setWindowRect: true, strictFileInteractability: false, timeouts: {implicit: 0, pageLoad: 300000, script: 30000}, unhandledPromptBehavior: dismiss and notify, webauthn:extension:credBlob: true, webauthn:extension:largeBlob: true, webauthn:virtualAuthenticators: true}
Session ID: 5235b0bdae1d05b35bface9346c7b9f8]]>
            </message>
            <full-stacktrace>
              <![CDATA[org.openqa.selenium.NoSuchElementException: no such element: Unable to locate element: {"method":"css selector","selector":"div.form-group input#email_create"}
  (Session info: chrome=96.0.4664.45)
For documentation on this error, please visit: https://selenium.dev/exceptions/#no_such_element
Build info: version: '4.0.0', revision: '3a21814679'
System info: host: 'CO-IT02301', ip: '169.254.51.251', os.name: 'Windows 10', os.arch: 'amd64', os.version: '10.0', java.version: '1.8.0_302'
Driver info: org.openqa.selenium.chrome.ChromeDriver
Command: [5235b0bdae1d05b35bface9346c7b9f8, findElement {using=css selector, value=div.form-group input#email_create}]
Capabilities {acceptInsecureCerts: false, browserName: chrome, browserVersion: 96.0.4664.45, chrome: {chromedriverVersion: 95.0.4638.17 (a9d0719444d4b..., userDataDir: C:\Users\NATALI~1.MAT\AppDa...}, goog:chromeOptions: {debuggerAddress: localhost:59964}, javascriptEnabled: true, networkConnectionEnabled: false, pageLoadStrategy: normal, platform: WINDOWS, platformName: WINDOWS, proxy: Proxy(), se:cdp: ws://localhost:59964/devtoo..., se:cdpVersion: 96.0.4664.45, setWindowRect: true, strictFileInteractability: false, timeouts: {implicit: 0, pageLoad: 300000, script: 30000}, unhandledPromptBehavior: dismiss and notify, webauthn:extension:credBlob: true, webauthn:extension:largeBlob: true, webauthn:virtualAuthenticators: true}
Session ID: 5235b0bdae1d05b35bface9346c7b9f8
at sun.reflect.NativeConstructorAccessorImpl.newInstance0(Native Method)
at sun.reflect.NativeConstructorAccessorImpl.newInstance(NativeConstructorAccessorImpl.java:62)
at sun.reflect.DelegatingConstructorAccessorImpl.newInstance(DelegatingConstructorAccessorImpl.java:45)
at java.lang.reflect.Constructor.newInstance(Constructor.java:423)
at org.openqa.selenium.remote.codec.w3c.W3CHttpResponseCodec.createException(W3CHttpResponseCodec.java:200)
at org.openqa.selenium.remote.codec.w3c.W3CHttpResponseCodec.decode(W3CHttpResponseCodec.java:133)
at org.openqa.selenium.remote.codec.w3c.W3CHttpResponseCodec.decode(W3CHttpResponseCodec.java:53)
at org.openqa.selenium.remote.HttpCommandExecutor.execute(HttpCommandExecutor.java:184)
at org.openqa.selenium.remote.service.DriverCommandExecutor.invokeExecute(DriverCommandExecutor.java:164)
at org.openqa.selenium.remote.service.DriverCommandExecutor.execute(DriverCommandExecutor.java:139)
at org.openqa.selenium.remote.RemoteWebDriver.execute(RemoteWebDriver.java:559)
at org.openqa.selenium.remote.ElementLocation$ElementFinder$2.findElement(ElementLocation.java:162)
at org.openqa.selenium.remote.ElementLocation.findElement(ElementLocation.java:60)
at org.openqa.selenium.remote.RemoteWebDriver.findElement(RemoteWebDriver.java:383)
at org.openqa.selenium.remote.RemoteWebDriver.findElement(RemoteWebDriver.java:375)
at org.openqa.selenium.support.pagefactory.DefaultElementLocator.findElement(DefaultElementLocator.java:70)
at org.openqa.selenium.support.pagefactory.internal.LocatingElementHandler.invoke(LocatingElementHandler.java:39)
at com.sun.proxy.$Proxy16.getWrappedElement(Unknown Source)
at org.openqa.selenium.remote.internal.WebElementToJsonConverter.apply(WebElementToJsonConverter.java:51)
at java.util.stream.ReferencePipeline$3$1.accept(ReferencePipeline.java:193)
at java.util.Spliterators$ArraySpliterator.forEachRemaining(Spliterators.java:948)
at java.util.stream.AbstractPipeline.copyInto(AbstractPipeline.java:482)
at java.util.stream.AbstractPipeline.wrapAndCopyInto(AbstractPipeline.java:472)
at java.util.stream.ReduceOps$ReduceOp.evaluateSequential(ReduceOps.java:708)
at java.util.stream.AbstractPipeline.evaluate(AbstractPipeline.java:234)
at java.util.stream.ReferencePipeline.collect(ReferencePipeline.java:566)
at org.openqa.selenium.remote.RemoteWebDriver.executeScript(RemoteWebDriver.java:490)
at com.automation.web.pages.BasePage.scrollDownToElement(BasePage.java:134)
at com.automation.web.pages.CreateAccountPage.createAccount(CreateAccountPage.java:83)
at com.automation.web.tests.TestSuite.testSearchItem(TestSuite.java:37)
at sun.reflect.NativeMethodAccessorImpl.invoke0(Native Method)
at sun.reflect.NativeMethodAccessorImpl.invoke(NativeMethodAccessorImpl.java:62)
at sun.reflect.DelegatingMethodAccessorImpl.invoke(DelegatingMethodAccessorImpl.java:43)
at java.lang.reflect.Method.invoke(Method.java:498)
at org.testng.internal.MethodInvocationHelper.invokeMethod(MethodInvocationHelper.java:133)
at org.testng.internal.TestInvoker.invokeMethod(TestInvoker.java:598)
at org.testng.internal.TestInvoker.invokeTestMethod(TestInvoker.java:173)
at org.testng.internal.MethodRunner.runInSequence(MethodRunner.java:46)
at org.testng.internal.TestInvoker$MethodInvocationAgent.invoke(TestInvoker.java:824)
at org.testng.internal.TestInvoker.invokeTestMethods(TestInvoker.java:146)
at org.testng.internal.TestMethodWorker.invokeTestMethods(TestMethodWorker.java:146)
at org.testng.internal.TestMethodWorker.run(TestMethodWorker.java:128)
at java.util.ArrayList.forEach(ArrayList.java:1259)
at org.testng.TestRunner.privateRun(TestRunner.java:794)
at org.testng.TestRunner.run(TestRunner.java:596)
at org.testng.SuiteRunner.runTest(SuiteRunner.java:377)
at org.testng.SuiteRunner.runSequentially(SuiteRunner.java:371)
at org.testng.SuiteRunner.privateRun(SuiteRunner.java:332)
at org.testng.SuiteRunner.run(SuiteRunner.java:276)
at org.testng.SuiteRunnerWorker.runSuite(SuiteRunnerWorker.java:53)
at org.testng.SuiteRunnerWorker.run(SuiteRunnerWorker.java:96)
at org.testng.TestNG.runSuitesSequentially(TestNG.java:1212)
at org.testng.TestNG.runSuitesLocally(TestNG.java:1134)
at org.testng.TestNG.runSuites(TestNG.java:1063)
at org.testng.TestNG.run(TestNG.java:1031)
at com.intellij.rt.testng.IDEARemoteTestNG.run(IDEARemoteTestNG.java:66)
at com.intellij.rt.testng.RemoteTestNGStarter.main(RemoteTestNGStarter.java:109)
]]>
            </full-stacktrace>
          </exception> <!-- org.openqa.selenium.NoSuchElementException -->
          <reporter-output>
            <line>
              <![CDATA[Starts test...testSearchItem]]>
            </line>
          </reporter-output>
        </test-method> <!-- testSearchItem -->
        <test-method status="PASS" signature="catchExceptions(org.testng.ITestResult)[pri:0, instance:com.automation.web.tests.TestSuite@17d677df]" name="catchExceptions" is-config="true" duration-ms="192" started-at="2021-11-27T07:11:10 COT" finished-at="2021-11-27T07:11:10 COT">
          <params>
            <param index="0">
              <value>
                <![CDATA[[TestResult name=testSearchItem status=FAILURE method=TestSuite.testSearchItem(com.automation.web.dataProvider.UserData)[pri:0, instance:com.automation.web.tests.TestSuite@17d677df] output=Starts test...testSearchItem]]]>
              </value>
            </param>
          </params>
          <reporter-output>
            <line>
              <![CDATA[<a href='C:\automationpractice\src\test\java\reports\screenshots\failure_screenshots\testSearchItem_27_11_2021_07_11_10.png'> <img src='C:\automationpractice\src\test\java\reports\screenshots\failure_screenshots\testSearchItem_27_11_2021_07_11_10.png' height='100' width='100'/> </a>]]>
            </line>
          </reporter-output>
        </test-method> <!-- catchExceptions -->
        <test-method status="PASS" signature="afterTest()[pri:0, instance:com.automation.web.tests.TestSuite@17d677df]" name="afterTest" is-config="true" duration-ms="1504" started-at="2021-11-27T07:11:10 COT" finished-at="2021-11-27T07:11:11 COT">
          <reporter-output>
          </reporter-output>
        </test-method> <!-- afterTest -->
      </class> <!-- com.automation.web.tests.TestSuite -->
    </test> <!-- Chrome -->
  </suite> <!-- Automation Practice Test Suite -->
</testng-results>
